<?xml version="1.0" encoding="UTF-8"?>
<testng-results skipped="0" failed="0" ignored="0" total="1" passed="1">
  <reporter-output>
  </reporter-output>
  <suite name="Default suite" duration-ms="10361" started-at="2021-02-24T09:29:42 UTC" finished-at="2021-02-24T09:29:52 UTC">
    <groups>
    </groups>
    <test name="Default test" duration-ms="10361" started-at="2021-02-24T09:29:42 UTC" finished-at="2021-02-24T09:29:52 UTC">
      <class name="test.Testcase1">
        <test-method status="PASS" signature="LaunchBrowser()[pri:0, instance:test.Testcase1@5f282abb]" name="LaunchBrowser" is-config="true" duration-ms="5044" started-at="2021-02-24T09:29:42 UTC" finished-at="2021-02-24T09:29:47 UTC">
          <reporter-output>
          </reporter-output>
        </test-method> <!-- LaunchBrowser -->
        <test-method status="PASS" signature="LoginTest()[pri:0, instance:test.Testcase1@5f282abb]" name="LoginTest" duration-ms="5217" started-at="2021-02-24T09:29:47 UTC" finished-at="2021-02-24T09:29:52 UTC">
          <reporter-output>
          </reporter-output>
        </test-method> <!-- LoginTest -->
        <test-method status="PASS" signature="CloseBrowser()[pri:0, instance:test.Testcase1@5f282abb]" name="CloseBrowser" is-config="true" duration-ms="68" started-at="2021-02-24T09:29:52 UTC" finished-at="2021-02-24T09:29:52 UTC">
          <reporter-output>
          </reporter-output>
        </test-method> <!-- CloseBrowser -->
      </class> <!-- test.Testcase1 -->
    </test> <!-- Default test -->
  </suite> <!-- Default suite -->
</testng-results>
